<?xml version="1.0" encoding="UTF-8"?>
<!-- Generated by org.testng.reporters.JUnitReportReporter -->
<testsuite name="FirstTestNG" tests="1" time="17.009" ignored="0" failures="0" timestamp="02 Feb 2017 16:50:43 GMT" skipped="0" hostname="8163QJ172" errors="0">
  <testcase name="f" time="17.009" classname="FirstTestNG"/>
</testsuite> <!-- FirstTestNG -->
